0 info it worked if it ends with ok
1 verbose cli [ '/usr/bin/node', '/usr/bin/npm', 'run', 'start' ]
2 info using npm@3.5.2
3 info using node@v8.10.0
4 verbose run-script [ 'prestart', 'start', 'poststart' ]
5 info lifecycle supplement_database@1.0.0~prestart: supplement_database@1.0.0
6 verbose lifecycle supplement_database@1.0.0~prestart: unsafe-perm in lifecycle true
7 verbose lifecycle supplement_database@1.0.0~prestart: PATH: /usr/share/npm/bin/node-gyp-bin:/mnt/c/Users/Owner/Documents/supplement_database/supplementDB/node_modules/.bin:/usr/local/sbin:/usr/local/bin:/usr/sbin:/usr/bin:/sbin:/bin:/usr/games:/usr/local/games:/mnt/c/Program Files/WindowsApps/CanonicalGroupLimited.UbuntuonWindows_1804.2018.817.0_x64__79rhkp1fndgsc:/mnt/c/Program Files/Haskell/bin:/mnt/c/Program Files/Haskell Platform/8.2.2/lib/extralibs/bin:/mnt/c/Program Files/Haskell Platform/8.2.2/bin:/mnt/c/Windows/System32:/mnt/c/Windows:/mnt/c/Windows/System32/wbem:/mnt/c/Windows/System32/WindowsPowerShell/v1.0:/mnt/c/Program Files/Git/cmd:/mnt/c/Program Files/Java/jdk1.8.0_121/bin:/mnt/c/Program Files/apache-maven-3.3.9/bin:/mnt/c/Program Files/Java/jdk1.8.0_121/bin/:/mnt/c/Program Files (x86)/Skype/Phone:/mnt/c/Program Files/MySQL/MySQL Utilities 1.6:/mnt/c/Program Files/Microsoft SQL Server/110/Tools/Binn:/mnt/c/Program Files/Haskell Platform/8.2.2/mingw/bin:/mnt/c/Program Files/TortoiseGit/bin:/mnt/c/Windows/System32/OpenSSH:/mnt/c/Program Files/nodejs:/mnt/c/Users/Owner/AppData/Local/Programs/Python/Python37-32/Scripts:/mnt/c/Users/Owner/AppData/Local/Programs/Python/Python37-32:/mnt/c/Users/Owner/AppData/Roaming/cabal/bin:/mnt/c/Users/Owner/AppData/Roaming/local/bin:/mnt/c/Program Files/apache-maven-3.3.9/apache-maven-3.3.9/bin:/mnt/c/Users/Owner/AppData/Local/atom/bin:/mnt/c/Users/Owner/AppData/Local/Microsoft/WindowsApps:/mnt/c/Program Files/JetBrains/IntelliJ IDEA Community Edition 2018.3.2/bin:/mnt/c/Users/Owner/AppData/Roaming/npm:/snap/bin
8 verbose lifecycle supplement_database@1.0.0~prestart: CWD: /mnt/c/Users/Owner/Documents/supplement_database/supplementDB
9 silly lifecycle supplement_database@1.0.0~prestart: Args: [ '-c', 'npm run build' ]
10 silly lifecycle supplement_database@1.0.0~prestart: Returned: code: 0  signal: null
11 info lifecycle supplement_database@1.0.0~start: supplement_database@1.0.0
12 verbose lifecycle supplement_database@1.0.0~start: unsafe-perm in lifecycle true
13 verbose lifecycle supplement_database@1.0.0~start: PATH: /usr/share/npm/bin/node-gyp-bin:/mnt/c/Users/Owner/Documents/supplement_database/supplementDB/node_modules/.bin:/usr/local/sbin:/usr/local/bin:/usr/sbin:/usr/bin:/sbin:/bin:/usr/games:/usr/local/games:/mnt/c/Program Files/WindowsApps/CanonicalGroupLimited.UbuntuonWindows_1804.2018.817.0_x64__79rhkp1fndgsc:/mnt/c/Program Files/Haskell/bin:/mnt/c/Program Files/Haskell Platform/8.2.2/lib/extralibs/bin:/mnt/c/Program Files/Haskell Platform/8.2.2/bin:/mnt/c/Windows/System32:/mnt/c/Windows:/mnt/c/Windows/System32/wbem:/mnt/c/Windows/System32/WindowsPowerShell/v1.0:/mnt/c/Program Files/Git/cmd:/mnt/c/Program Files/Java/jdk1.8.0_121/bin:/mnt/c/Program Files/apache-maven-3.3.9/bin:/mnt/c/Program Files/Java/jdk1.8.0_121/bin/:/mnt/c/Program Files (x86)/Skype/Phone:/mnt/c/Program Files/MySQL/MySQL Utilities 1.6:/mnt/c/Program Files/Microsoft SQL Server/110/Tools/Binn:/mnt/c/Program Files/Haskell Platform/8.2.2/mingw/bin:/mnt/c/Program Files/TortoiseGit/bin:/mnt/c/Windows/System32/OpenSSH:/mnt/c/Program Files/nodejs:/mnt/c/Users/Owner/AppData/Local/Programs/Python/Python37-32/Scripts:/mnt/c/Users/Owner/AppData/Local/Programs/Python/Python37-32:/mnt/c/Users/Owner/AppData/Roaming/cabal/bin:/mnt/c/Users/Owner/AppData/Roaming/local/bin:/mnt/c/Program Files/apache-maven-3.3.9/apache-maven-3.3.9/bin:/mnt/c/Users/Owner/AppData/Local/atom/bin:/mnt/c/Users/Owner/AppData/Local/Microsoft/WindowsApps:/mnt/c/Program Files/JetBrains/IntelliJ IDEA Community Edition 2018.3.2/bin:/mnt/c/Users/Owner/AppData/Roaming/npm:/snap/bin
14 verbose lifecycle supplement_database@1.0.0~start: CWD: /mnt/c/Users/Owner/Documents/supplement_database/supplementDB
15 silly lifecycle supplement_database@1.0.0~start: Args: [ '-c', 'node server.js' ]
16 silly lifecycle supplement_database@1.0.0~start: Returned: code: 1  signal: null
17 info lifecycle supplement_database@1.0.0~start: Failed to exec start script
18 verbose stack Error: supplement_database@1.0.0 start: `node server.js`
18 verbose stack Exit status 1
18 verbose stack     at EventEmitter.<anonymous> (/usr/share/npm/lib/utils/lifecycle.js:232:16)
18 verbose stack     at emitTwo (events.js:126:13)
18 verbose stack     at EventEmitter.emit (events.js:214:7)
18 verbose stack     at ChildProcess.<anonymous> (/usr/share/npm/lib/utils/spawn.js:24:14)
18 verbose stack     at emitTwo (events.js:126:13)
18 verbose stack     at ChildProcess.emit (events.js:214:7)
18 verbose stack     at maybeClose (internal/child_process.js:925:16)
18 verbose stack     at Process.ChildProcess._handle.onexit (internal/child_process.js:209:5)
19 verbose pkgid supplement_database@1.0.0
20 verbose cwd /mnt/c/Users/Owner/Documents/supplement_database/supplementDB
21 error Linux 4.4.0-17763-Microsoft
22 error argv "/usr/bin/node" "/usr/bin/npm" "run" "start"
23 error node v8.10.0
24 error npm  v3.5.2
25 error code ELIFECYCLE
26 error supplement_database@1.0.0 start: `node server.js`
26 error Exit status 1
27 error Failed at the supplement_database@1.0.0 start script 'node server.js'.
27 error Make sure you have the latest version of node.js and npm installed.
27 error If you do, this is most likely a problem with the supplement_database package,
27 error not with npm itself.
27 error Tell the author that this fails on your system:
27 error     node server.js
27 error You can get information on how to open an issue for this project with:
27 error     npm bugs supplement_database
27 error Or if that isn't available, you can get their info via:
27 error     npm owner ls supplement_database
27 error There is likely additional logging output above.
28 verbose exit [ 1, true ]
